2020-04-24 14:28:37,142 -- [test_02Interrogation.py-->line:43] - INFO: 用例--获取病症列表-获取成功--执行通过
2020-04-24 14:28:37,681 -- [test_02Interrogation.py-->line:75] - INFO: 用例--搜索药品-获取成功--执行通过
2020-04-24 14:28:38,210 -- [test_02Interrogation.py-->line:103] - INFO: 用例--获取系统配置-获取成功--执行通过
2020-04-24 14:30:04,773 -- [test_02Interrogation.py-->line:43] - INFO: 用例--获取病症列表-获取成功--执行通过
2020-04-24 14:30:05,257 -- [test_02Interrogation.py-->line:75] - INFO: 用例--搜索药品-获取成功--执行通过
2020-04-24 14:30:05,702 -- [test_02Interrogation.py-->line:103] - INFO: 用例--获取系统配置-获取成功--执行通过
2020-04-24 14:31:37,983 -- [test_02Interrogation.py-->line:43] - INFO: 用例--获取病症列表-获取成功--执行通过
2020-04-24 14:31:38,388 -- [test_02Interrogation.py-->line:75] - INFO: 用例--搜索药品-获取成功--执行通过
2020-04-24 14:31:38,887 -- [test_02Interrogation.py-->line:103] - INFO: 用例--获取系统配置-获取成功--执行通过
2020-04-24 14:35:02,698 -- [test_02Interrogation.py-->line:43] - INFO: 用例--获取病症列表-获取成功--执行通过
2020-04-24 14:35:03,165 -- [test_02Interrogation.py-->line:75] - INFO: 用例--搜索药品-获取成功--执行通过
2020-04-24 14:35:03,622 -- [test_02Interrogation.py-->line:103] - INFO: 用例--获取系统配置-获取成功--执行通过
2020-04-24 14:37:58,787 -- [test_02Interrogation.py-->line:43] - INFO: 用例--获取病症列表-获取成功--执行通过
2020-04-24 14:37:59,315 -- [test_02Interrogation.py-->line:75] - INFO: 用例--搜索药品-获取成功--执行通过
2020-04-24 14:37:59,753 -- [test_02Interrogation.py-->line:103] - INFO: 用例--获取系统配置-获取成功--执行通过
2020-04-24 14:38:31,475 -- [test_02Interrogation.py-->line:43] - INFO: 用例--获取病症列表-获取成功--执行通过
2020-04-24 14:38:31,869 -- [test_02Interrogation.py-->line:75] - INFO: 用例--搜索药品-获取成功--执行通过
2020-04-24 14:38:32,274 -- [test_02Interrogation.py-->line:103] - INFO: 用例--获取系统配置-获取成功--执行通过
2020-04-24 14:39:06,196 -- [test_02Interrogation.py-->line:43] - INFO: 用例--获取病症列表-获取成功--执行通过
2020-04-24 14:39:06,592 -- [test_02Interrogation.py-->line:75] - INFO: 用例--搜索药品-获取成功--执行通过
2020-04-24 14:39:06,989 -- [test_02Interrogation.py-->line:103] - INFO: 用例--获取系统配置-获取成功--执行通过
2020-04-24 14:56:08,807 -- [test_02Interrogation.py-->line:43] - INFO: 用例--获取病症列表-获取成功--执行通过
2020-04-24 14:56:09,284 -- [test_02Interrogation.py-->line:75] - INFO: 用例--搜索药品-获取成功--执行通过
2020-04-24 14:56:09,857 -- [test_02Interrogation.py-->line:103] - INFO: 用例--获取系统配置-获取成功--执行通过
2020-04-24 14:59:22,930 -- [test_02Interrogation.py-->line:39] - INFO: 用例--获取病症列表-获取成功--执行通过
2020-04-24 14:59:23,385 -- [test_02Interrogation.py-->line:67] - INFO: 用例--搜索药品-获取成功--执行通过
2020-04-24 14:59:23,781 -- [test_02Interrogation.py-->line:94] - INFO: 用例--获取系统配置-获取成功--执行通过
2020-04-24 15:03:02,592 -- [test_02Interrogation.py-->line:39] - INFO: 用例--获取病症列表-获取成功--执行通过
2020-04-24 15:03:03,181 -- [test_02Interrogation.py-->line:67] - INFO: 用例--搜索药品-获取成功--执行通过
2020-04-24 15:06:26,266 -- [test_02Interrogation.py-->line:39] - INFO: 用例--获取病症列表-获取成功--执行通过
2020-04-24 15:06:26,783 -- [test_02Interrogation.py-->line:67] - INFO: 用例--搜索药品-获取成功--执行通过
2020-04-24 15:06:27,333 -- [test_02Interrogation.py-->line:94] - INFO: 用例--获取系统配置-获取成功--执行通过
2020-04-24 15:06:43,069 -- [test_02Interrogation.py-->line:39] - INFO: 用例--获取病症列表-获取成功--执行通过
2020-04-24 15:06:43,498 -- [test_02Interrogation.py-->line:67] - INFO: 用例--搜索药品-获取成功--执行通过
2020-04-24 15:06:43,959 -- [test_02Interrogation.py-->line:94] - INFO: 用例--获取系统配置-获取成功--执行通过
2020-04-24 15:07:11,335 -- [test_02Interrogation.py-->line:39] - INFO: 用例--获取病症列表-获取成功--执行通过
2020-04-24 15:13:05,915 -- [test_02Interrogation.py-->line:39] - INFO: 用例--获取病症列表-获取成功--执行通过
2020-04-24 15:13:06,328 -- [test_02Interrogation.py-->line:67] - INFO: 用例--搜索药品-获取成功--执行通过
2020-04-24 15:13:06,736 -- [test_02Interrogation.py-->line:94] - INFO: 用例--获取系统配置-获取成功--执行通过
2020-04-24 15:15:35,137 -- [test_02Interrogation.py-->line:39] - INFO: 用例--获取病症列表-获取成功--执行通过
2020-04-24 15:15:36,113 -- [test_02Interrogation.py-->line:67] - INFO: 用例--搜索药品-获取成功--执行通过
2020-04-24 15:15:36,570 -- [test_02Interrogation.py-->line:94] - INFO: 用例--获取系统配置-获取成功--执行通过
2020-04-24 15:16:35,467 -- [test_02Interrogation.py-->line:39] - INFO: 用例--获取病症列表-获取成功--执行通过
2020-04-24 15:16:35,949 -- [test_02Interrogation.py-->line:67] - INFO: 用例--搜索药品-获取成功--执行通过
2020-04-24 15:16:36,385 -- [test_02Interrogation.py-->line:94] - INFO: 用例--获取系统配置-获取成功--执行通过
2020-04-24 15:17:25,476 -- [test_02Interrogation.py-->line:39] - INFO: 用例--获取病症列表-获取成功--执行通过
2020-04-24 15:17:26,263 -- [test_02Interrogation.py-->line:67] - INFO: 用例--搜索药品-获取成功--执行通过
2020-04-24 15:17:26,953 -- [test_02Interrogation.py-->line:94] - INFO: 用例--获取医生列表-获取成功--执行通过
2020-04-24 15:19:21,456 -- [test_02Interrogation.py-->line:39] - INFO: 用例--获取病症列表-获取成功--执行通过
2020-04-24 15:19:21,884 -- [test_02Interrogation.py-->line:67] - INFO: 用例--搜索药品-获取成功--执行通过
2020-04-24 15:19:22,320 -- [test_02Interrogation.py-->line:94] - INFO: 用例--获取医生列表-获取成功--执行通过
2020-04-24 15:21:48,856 -- [test_02Interrogation.py-->line:39] - INFO: 用例--获取病症列表-获取成功--执行通过
2020-04-24 15:21:49,265 -- [test_02Interrogation.py-->line:67] - INFO: 用例--搜索药品-获取成功--执行通过
2020-04-24 15:21:49,789 -- [test_02Interrogation.py-->line:94] - INFO: 用例--获取医生列表-获取成功--执行通过
2020-04-24 15:23:02,731 -- [test_02Interrogation.py-->line:39] - INFO: 用例--获取病症列表-获取成功--执行通过
2020-04-24 15:23:03,577 -- [test_02Interrogation.py-->line:67] - INFO: 用例--搜索药品-获取成功--执行通过
2020-04-24 15:23:03,993 -- [test_02Interrogation.py-->line:94] - INFO: 用例--获取医生列表-获取成功--执行通过
2020-04-24 15:27:49,659 -- [test_02Interrogation.py-->line:39] - INFO: 用例--获取病症列表-获取成功--执行通过
2020-04-24 15:27:50,040 -- [test_02Interrogation.py-->line:67] - INFO: 用例--搜索药品-获取成功--执行通过
2020-04-24 15:27:50,421 -- [test_02Interrogation.py-->line:94] - INFO: 用例--获取医生列表-获取成功--执行通过
2020-04-24 15:30:04,402 -- [test_02Interrogation.py-->line:39] - INFO: 用例--获取病症列表-获取成功--执行通过
2020-04-24 15:30:04,933 -- [test_02Interrogation.py-->line:67] - INFO: 用例--搜索药品-获取成功--执行通过
2020-04-24 15:30:05,438 -- [test_02Interrogation.py-->line:94] - INFO: 用例--获取医生列表-获取成功--执行通过
2020-04-24 15:30:38,704 -- [test_02Interrogation.py-->line:39] - INFO: 用例--获取病症列表-获取成功--执行通过
2020-04-24 15:30:39,139 -- [test_02Interrogation.py-->line:67] - INFO: 用例--搜索药品-获取成功--执行通过
2020-04-24 15:30:39,578 -- [test_02Interrogation.py-->line:94] - INFO: 用例--获取医生列表-获取成功--执行通过
2020-04-24 15:30:53,964 -- [test_02Interrogation.py-->line:39] - INFO: 用例--获取病症列表-获取成功--执行通过
2020-04-24 15:30:54,461 -- [test_02Interrogation.py-->line:67] - INFO: 用例--搜索药品-获取成功--执行通过
2020-04-24 15:30:54,967 -- [test_02Interrogation.py-->line:94] - INFO: 用例--获取医生列表-获取成功--执行通过
2020-04-24 15:31:43,872 -- [test_02Interrogation.py-->line:39] - INFO: 用例--获取病症列表-获取成功--执行通过
2020-04-24 15:31:44,421 -- [test_02Interrogation.py-->line:67] - INFO: 用例--搜索药品-获取成功--执行通过
2020-04-24 15:31:44,941 -- [test_02Interrogation.py-->line:94] - INFO: 用例--获取医生列表-获取成功--执行通过
2020-04-24 15:34:41,504 -- [test_02Interrogation.py-->line:39] - INFO: 用例--获取病症列表-获取成功--执行通过
2020-04-24 15:34:41,786 -- [test_02Interrogation.py-->line:67] - INFO: 用例--搜索药品-获取成功--执行通过
2020-04-24 15:34:42,278 -- [test_02Interrogation.py-->line:94] - INFO: 用例--获取医生列表-获取成功--执行通过
2020-04-24 15:35:15,348 -- [test_02Interrogation.py-->line:39] - INFO: 用例--获取病症列表-获取成功--执行通过
2020-04-24 15:35:15,770 -- [test_02Interrogation.py-->line:67] - INFO: 用例--搜索药品-获取成功--执行通过
2020-04-24 15:35:16,140 -- [test_02Interrogation.py-->line:94] - INFO: 用例--获取医生列表-获取成功--执行通过
2020-04-24 15:36:37,967 -- [test_02Interrogation.py-->line:39] - INFO: 用例--获取病症列表-获取成功--执行通过
2020-04-24 15:36:38,496 -- [test_02Interrogation.py-->line:67] - INFO: 用例--搜索药品-获取成功--执行通过
2020-04-24 15:36:38,874 -- [test_02Interrogation.py-->line:94] - INFO: 用例--获取医生列表-获取成功--执行通过
2020-04-24 15:37:47,019 -- [test_02Interrogation.py-->line:39] - INFO: 用例--获取病症列表-获取成功--执行通过
2020-04-24 15:37:47,399 -- [test_02Interrogation.py-->line:67] - INFO: 用例--搜索药品-获取成功--执行通过
2020-04-24 15:37:47,804 -- [test_02Interrogation.py-->line:94] - INFO: 用例--获取医生列表-获取成功--执行通过
2020-04-24 15:37:56,426 -- [test_02Interrogation.py-->line:39] - INFO: 用例--获取病症列表-获取成功--执行通过
2020-04-24 15:37:56,837 -- [test_02Interrogation.py-->line:67] - INFO: 用例--搜索药品-获取成功--执行通过
2020-04-24 15:37:57,322 -- [test_02Interrogation.py-->line:94] - INFO: 用例--获取医生列表-获取成功--执行通过
2020-04-24 15:40:00,296 -- [test_02Interrogation.py-->line:39] - INFO: 用例--获取病症列表-获取成功--执行通过
2020-04-24 15:40:00,711 -- [test_02Interrogation.py-->line:67] - INFO: 用例--搜索药品-获取成功--执行通过
2020-04-24 15:40:01,247 -- [test_02Interrogation.py-->line:94] - INFO: 用例--获取医生列表-获取成功--执行通过
2020-04-24 15:40:02,634 -- [test_02Interrogation.py-->line:154] - INFO: 用例--提交预约问诊-获取成功--执行通过
2020-04-24 15:40:59,608 -- [test_02Interrogation.py-->line:39] - INFO: 用例--获取病症列表-获取成功--执行通过
2020-04-24 15:41:00,039 -- [test_02Interrogation.py-->line:67] - INFO: 用例--搜索药品-获取成功--执行通过
2020-04-24 15:41:00,459 -- [test_02Interrogation.py-->line:94] - INFO: 用例--获取医生列表-获取成功--执行通过
2020-04-24 15:41:01,729 -- [test_02Interrogation.py-->line:154] - INFO: 用例--提交预约问诊-获取成功--执行通过
2020-04-24 15:42:00,629 -- [test_02Interrogation.py-->line:39] - INFO: 用例--获取病症列表-获取成功--执行通过
2020-04-24 15:42:01,178 -- [test_02Interrogation.py-->line:67] - INFO: 用例--搜索药品-获取成功--执行通过
2020-04-24 15:42:01,626 -- [test_02Interrogation.py-->line:94] - INFO: 用例--获取医生列表-获取成功--执行通过
2020-04-24 15:42:02,985 -- [test_02Interrogation.py-->line:154] - INFO: 用例--提交预约问诊-获取成功--执行通过
2020-04-24 15:42:26,758 -- [test_02Interrogation.py-->line:39] - INFO: 用例--获取病症列表-获取成功--执行通过
2020-04-24 15:42:27,278 -- [test_02Interrogation.py-->line:67] - INFO: 用例--搜索药品-获取成功--执行通过
2020-04-24 15:42:27,736 -- [test_02Interrogation.py-->line:94] - INFO: 用例--获取医生列表-获取成功--执行通过
2020-04-24 15:42:29,153 -- [test_02Interrogation.py-->line:154] - INFO: 用例--提交预约问诊-获取成功--执行通过
2020-04-24 15:43:08,878 -- [test_02Interrogation.py-->line:39] - INFO: 用例--获取病症列表-获取成功--执行通过
2020-04-24 15:43:09,306 -- [test_02Interrogation.py-->line:67] - INFO: 用例--搜索药品-获取成功--执行通过
2020-04-24 15:43:09,723 -- [test_02Interrogation.py-->line:94] - INFO: 用例--获取医生列表-获取成功--执行通过
2020-04-24 15:44:06,796 -- [test_02Interrogation.py-->line:39] - INFO: 用例--获取病症列表-获取成功--执行通过
2020-04-24 15:44:07,339 -- [test_02Interrogation.py-->line:67] - INFO: 用例--搜索药品-获取成功--执行通过
2020-04-24 15:44:07,799 -- [test_02Interrogation.py-->line:94] - INFO: 用例--获取医生列表-获取成功--执行通过
2020-04-24 15:44:24,550 -- [test_02Interrogation.py-->line:149] - INFO: 用例--提交预约问诊-获取成功--执行通过
2020-04-24 15:44:32,080 -- [test_02Interrogation.py-->line:39] - INFO: 用例--获取病症列表-获取成功--执行通过
2020-04-24 15:44:32,547 -- [test_02Interrogation.py-->line:67] - INFO: 用例--搜索药品-获取成功--执行通过
2020-04-24 15:44:32,967 -- [test_02Interrogation.py-->line:94] - INFO: 用例--获取医生列表-获取成功--执行通过
2020-04-24 15:44:34,269 -- [test_02Interrogation.py-->line:149] - INFO: 用例--提交预约问诊-获取成功--执行通过
2020-04-24 17:25:22,895 -- [test_02Interrogation.py-->line:40] - INFO: 用例--获取病症列表-获取成功--执行通过
2020-04-24 17:25:23,653 -- [test_02Interrogation.py-->line:68] - INFO: 用例--搜索药品-获取成功--执行通过
2020-04-24 17:25:24,116 -- [test_02Interrogation.py-->line:95] - INFO: 用例--获取医生列表-获取成功--执行通过
2020-04-24 17:25:25,629 -- [test_02Interrogation.py-->line:150] - INFO: 用例--提交预约问诊-获取成功--执行通过
2020-04-24 17:55:56,130 -- [test_02Interrogation.py-->line:154] - INFO: 用例--提交预约问诊-获取成功--执行通过
2020-04-24 17:56:14,847 -- [test_02Interrogation.py-->line:154] - INFO: 用例--提交预约问诊-获取成功--执行通过
2020-04-24 17:56:27,667 -- [test_02Interrogation.py-->line:39] - INFO: 用例--获取病症列表-获取成功--执行通过
2020-04-24 17:56:27,988 -- [test_02Interrogation.py-->line:67] - INFO: 用例--搜索药品-获取成功--执行通过
2020-04-24 17:56:28,423 -- [test_02Interrogation.py-->line:94] - INFO: 用例--获取医生列表-获取成功--执行通过
2020-04-24 17:56:29,673 -- [test_02Interrogation.py-->line:154] - INFO: 用例--提交预约问诊-获取成功--执行通过
2020-04-24 18:05:46,687 -- [test_02Interrogation.py-->line:96] - INFO: 用例--获取医生列表-获取成功--执行通过
2020-04-24 18:05:47,895 -- [test_02Interrogation.py-->line:151] - INFO: 用例--提交预约问诊-获取成功--执行通过
2020-04-24 18:06:07,440 -- [test_02Interrogation.py-->line:39] - INFO: 用例--获取病症列表-获取成功--执行通过
2020-04-24 18:06:07,860 -- [test_02Interrogation.py-->line:67] - INFO: 用例--搜索药品-获取成功--执行通过
2020-04-24 18:06:08,264 -- [test_02Interrogation.py-->line:94] - INFO: 用例--获取医生列表-获取成功--执行通过
2020-04-24 18:06:09,536 -- [test_02Interrogation.py-->line:149] - INFO: 用例--提交预约问诊-获取成功--执行通过
2020-04-26 10:53:34,853 -- [test_02Interrogation.py-->line:39] - INFO: 用例--获取病症列表-获取成功--执行通过
2020-04-26 10:53:35,263 -- [test_02Interrogation.py-->line:67] - INFO: 用例--搜索药品-获取成功--执行通过
2020-04-26 10:53:35,739 -- [test_02Interrogation.py-->line:94] - INFO: 用例--获取医生列表-获取成功--执行通过
2020-04-26 10:53:46,323 -- [test_02Interrogation.py-->line:39] - INFO: 用例--获取病症列表-获取成功--执行通过
2020-04-26 10:53:46,846 -- [test_02Interrogation.py-->line:67] - INFO: 用例--搜索药品-获取成功--执行通过
2020-04-26 10:53:47,269 -- [test_02Interrogation.py-->line:94] - INFO: 用例--获取医生列表-获取成功--执行通过
2020-04-26 11:20:32,783 -- [test_03remoteconsultation.py-->line:42] - INFO: 用例--会员查询-查询成功--执行通过
2020-04-26 11:20:33,428 -- [test_03remoteconsultation.py-->line:117] - INFO: 用例--获取问诊输入模板-查询成功--执行通过
2020-04-26 11:20:33,950 -- [test_03remoteconsultation.py-->line:148] - INFO: 用例--保存问诊输入模板数据-保存成功--执行通过
2020-04-26 11:20:49,903 -- [test_03remoteconsultation.py-->line:42] - INFO: 用例--会员查询-查询成功--执行通过
2020-04-26 11:20:50,561 -- [test_03remoteconsultation.py-->line:117] - INFO: 用例--获取问诊输入模板-查询成功--执行通过
2020-04-26 11:20:51,056 -- [test_03remoteconsultation.py-->line:148] - INFO: 用例--保存问诊输入模板数据-保存成功--执行通过
2020-04-26 11:21:56,339 -- [test_03remoteconsultation.py-->line:42] - INFO: 用例--会员查询-查询成功--执行通过
2020-04-26 11:23:40,901 -- [test_03remoteconsultation.py-->line:42] - INFO: 用例--会员查询-查询成功--执行通过
2020-04-26 11:30:04,440 -- [test_03remoteconsultation.py-->line:42] - INFO: 用例--会员查询-查询成功--执行通过
2020-04-26 11:30:25,928 -- [test_03remoteconsultation.py-->line:42] - INFO: 用例--会员查询-查询成功--执行通过
2020-04-26 11:31:13,032 -- [test_03remoteconsultation.py-->line:42] - INFO: 用例--会员查询-查询成功--执行通过
2020-04-26 11:31:14,011 -- [test_03remoteconsultation.py-->line:84] - INFO: 用例--获取预约号-获取成功--执行通过
2020-04-26 11:31:14,400 -- [test_03remoteconsultation.py-->line:115] - INFO: 用例--获取问诊输入模板-查询成功--执行通过
2020-04-26 11:31:14,815 -- [test_03remoteconsultation.py-->line:146] - INFO: 用例--保存问诊输入模板数据-保存成功--执行通过
2020-04-26 11:59:31,601 -- [test_03remoteconsultation.py-->line:43] - INFO: 用例--会员查询-查询成功--执行通过
2020-04-26 11:59:48,093 -- [test_03remoteconsultation.py-->line:43] - INFO: 用例--会员查询-查询成功--执行通过
2020-04-26 11:59:49,453 -- [test_03remoteconsultation.py-->line:82] - INFO: 用例--获取预约号-获取成功--执行通过
2020-04-26 17:33:48,271 -- [test_03remoteconsultation.py-->line:43] - INFO: 用例--会员查询-查询成功--执行通过
2020-04-26 17:33:58,005 -- [test_03remoteconsultation.py-->line:43] - INFO: 用例--会员查询-查询成功--执行通过
2020-04-26 17:34:09,308 -- [test_03remoteconsultation.py-->line:82] - INFO: 用例--获取预约号-获取成功--执行通过
2020-04-26 17:34:10,607 -- [test_03remoteconsultation.py-->line:135] - INFO: 用例--获取问诊输入模板-查询成功--执行通过
2020-04-26 17:34:11,029 -- [test_03remoteconsultation.py-->line:162] - INFO: 用例--保存问诊输入模板数据-保存成功--执行通过
2020-04-26 17:57:13,966 -- [test_03remoteconsultation.py-->line:43] - INFO: 用例--会员查询-查询成功--执行通过
2020-04-26 17:57:14,865 -- [test_03remoteconsultation.py-->line:82] - INFO: 用例--获取预约号-获取成功--执行通过
2020-04-26 17:57:16,348 -- [test_03remoteconsultation.py-->line:135] - INFO: 用例--获取问诊输入模板-查询成功--执行通过
2020-04-26 17:57:16,803 -- [test_03remoteconsultation.py-->line:162] - INFO: 用例--保存问诊输入模板数据-保存成功--执行通过
2020-04-26 17:57:17,219 -- [test_03remoteconsultation.py-->line:190] - INFO: 用例--获取科室信息-查询成功--执行通过
2020-04-26 17:57:18,974 -- [test_03remoteconsultation.py-->line:249] - INFO: 用例--获取医生列表-查询成功--执行通过
2020-04-26 19:20:12,073 -- [test_03remoteconsultation.py-->line:43] - INFO: 用例--会员查询-查询成功--执行通过
2020-04-26 19:20:25,772 -- [test_03remoteconsultation.py-->line:82] - INFO: 用例--获取预约号-获取成功--执行通过
2020-04-26 19:20:27,125 -- [test_03remoteconsultation.py-->line:135] - INFO: 用例--获取问诊输入模板-查询成功--执行通过
2020-04-26 19:20:27,569 -- [test_03remoteconsultation.py-->line:162] - INFO: 用例--保存问诊输入模板数据-保存成功--执行通过
2020-04-26 19:20:27,934 -- [test_03remoteconsultation.py-->line:190] - INFO: 用例--获取科室信息-查询成功--执行通过
2020-04-26 19:20:29,670 -- [test_03remoteconsultation.py-->line:249] - INFO: 用例--获取医生列表-查询成功--执行通过
2020-04-26 19:23:12,688 -- [test_03remoteconsultation.py-->line:43] - INFO: 用例--会员查询-查询成功--执行通过
2020-04-26 19:23:13,557 -- [test_03remoteconsultation.py-->line:82] - INFO: 用例--获取预约号-获取成功--执行通过
2020-04-26 19:23:14,959 -- [test_03remoteconsultation.py-->line:135] - INFO: 用例--获取问诊输入模板-查询成功--执行通过
2020-04-26 19:23:15,412 -- [test_03remoteconsultation.py-->line:162] - INFO: 用例--保存问诊输入模板数据-保存成功--执行通过
2020-04-26 19:23:15,828 -- [test_03remoteconsultation.py-->line:190] - INFO: 用例--获取科室信息-查询成功--执行通过
2020-04-26 19:23:17,700 -- [test_03remoteconsultation.py-->line:249] - INFO: 用例--获取医生列表-查询成功--执行通过
2020-04-26 19:48:37,044 -- [test_03remoteconsultation.py-->line:43] - INFO: 用例--会员查询-查询成功--执行通过
2020-04-26 19:48:37,938 -- [test_03remoteconsultation.py-->line:82] - INFO: 用例--获取预约号-获取成功--执行通过
2020-04-26 19:48:39,263 -- [test_03remoteconsultation.py-->line:135] - INFO: 用例--获取问诊输入模板-查询成功--执行通过
2020-04-26 19:48:39,734 -- [test_03remoteconsultation.py-->line:162] - INFO: 用例--保存问诊输入模板数据-保存成功--执行通过
2020-04-26 19:48:40,171 -- [test_03remoteconsultation.py-->line:190] - INFO: 用例--获取科室信息-查询成功--执行通过
2020-04-26 19:48:41,899 -- [test_03remoteconsultation.py-->line:249] - INFO: 用例--获取医生列表-查询成功--执行通过
2020-04-26 19:48:59,667 -- [test_03remoteconsultation.py-->line:43] - INFO: 用例--会员查询-查询成功--执行通过
2020-04-26 19:49:00,663 -- [test_03remoteconsultation.py-->line:82] - INFO: 用例--获取预约号-获取成功--执行通过
2020-04-26 19:49:01,986 -- [test_03remoteconsultation.py-->line:135] - INFO: 用例--获取问诊输入模板-查询成功--执行通过
2020-04-26 19:49:02,487 -- [test_03remoteconsultation.py-->line:162] - INFO: 用例--保存问诊输入模板数据-保存成功--执行通过
2020-04-26 19:49:03,030 -- [test_03remoteconsultation.py-->line:190] - INFO: 用例--获取科室信息-查询成功--执行通过
2020-04-26 19:49:04,819 -- [test_03remoteconsultation.py-->line:249] - INFO: 用例--获取医生列表-查询成功--执行通过
2020-04-26 19:50:52,750 -- [test_03remoteconsultation.py-->line:43] - INFO: 用例--会员查询-查询成功--执行通过
2020-04-26 19:50:53,756 -- [test_03remoteconsultation.py-->line:82] - INFO: 用例--获取预约号-获取成功--执行通过
2020-04-26 19:50:55,316 -- [test_03remoteconsultation.py-->line:135] - INFO: 用例--获取问诊输入模板-查询成功--执行通过
2020-04-26 19:50:55,950 -- [test_03remoteconsultation.py-->line:162] - INFO: 用例--保存问诊输入模板数据-保存成功--执行通过
2020-04-26 19:50:56,423 -- [test_03remoteconsultation.py-->line:190] - INFO: 用例--获取科室信息-查询成功--执行通过
2020-04-26 19:50:58,242 -- [test_03remoteconsultation.py-->line:249] - INFO: 用例--获取医生列表-查询成功--执行通过
2020-04-26 20:33:03,812 -- [test_03remoteconsultation.py-->line:43] - INFO: 用例--会员查询-查询成功--执行通过
2020-04-26 20:33:18,262 -- [test_03remoteconsultation.py-->line:82] - INFO: 用例--获取预约号-获取成功--执行通过
2020-04-26 20:33:19,590 -- [test_03remoteconsultation.py-->line:135] - INFO: 用例--获取问诊输入模板-查询成功--执行通过
2020-04-26 20:33:20,209 -- [test_03remoteconsultation.py-->line:162] - INFO: 用例--保存问诊输入模板数据-保存成功--执行通过
2020-04-26 20:33:20,767 -- [test_03remoteconsultation.py-->line:190] - INFO: 用例--获取科室信息-查询成功--执行通过
2020-04-26 20:37:18,340 -- [test_03remoteconsultation.py-->line:43] - INFO: 用例--会员查询-查询成功--执行通过
2020-04-26 20:37:19,273 -- [test_03remoteconsultation.py-->line:82] - INFO: 用例--获取预约号-获取成功--执行通过
2020-04-26 20:37:20,717 -- [test_03remoteconsultation.py-->line:135] - INFO: 用例--获取问诊输入模板-查询成功--执行通过
2020-04-26 20:37:21,344 -- [test_03remoteconsultation.py-->line:162] - INFO: 用例--保存问诊输入模板数据-保存成功--执行通过
2020-04-26 20:37:21,776 -- [test_03remoteconsultation.py-->line:190] - INFO: 用例--获取科室信息-查询成功--执行通过
2020-04-26 20:37:23,428 -- [test_03remoteconsultation.py-->line:249] - INFO: 用例--获取医生列表-查询成功--执行通过
2020-04-26 20:37:25,444 -- [test_03remoteconsultation.py-->line:324] - INFO: 用例--发送预约请求-查询成功--执行通过
2020-04-26 20:38:26,219 -- [test_03remoteconsultation.py-->line:43] - INFO: 用例--会员查询-查询成功--执行通过
2020-04-26 20:38:27,333 -- [test_03remoteconsultation.py-->line:82] - INFO: 用例--获取预约号-获取成功--执行通过
2020-04-26 20:38:28,891 -- [test_03remoteconsultation.py-->line:135] - INFO: 用例--获取问诊输入模板-查询成功--执行通过
2020-04-26 20:38:29,325 -- [test_03remoteconsultation.py-->line:162] - INFO: 用例--保存问诊输入模板数据-保存成功--执行通过
2020-04-26 20:38:29,769 -- [test_03remoteconsultation.py-->line:190] - INFO: 用例--获取科室信息-查询成功--执行通过
2020-04-26 20:38:31,782 -- [test_03remoteconsultation.py-->line:249] - INFO: 用例--获取医生列表-查询成功--执行通过
2020-04-26 20:38:33,736 -- [test_03remoteconsultation.py-->line:324] - INFO: 用例--发送预约请求-查询成功--执行通过
2020-04-26 20:41:00,355 -- [test_03remoteconsultation.py-->line:43] - INFO: 用例--会员查询-查询成功--执行通过
2020-04-26 20:41:01,218 -- [test_03remoteconsultation.py-->line:82] - INFO: 用例--获取预约号-获取成功--执行通过
2020-04-26 20:45:11,012 -- [test_03remoteconsultation.py-->line:135] - INFO: 用例--获取问诊输入模板-查询成功--执行通过
2020-04-26 20:45:42,712 -- [test_03remoteconsultation.py-->line:43] - INFO: 用例--会员查询-查询成功--执行通过
2020-04-26 20:45:43,804 -- [test_03remoteconsultation.py-->line:82] - INFO: 用例--获取预约号-获取成功--执行通过
2020-04-26 20:45:45,088 -- [test_03remoteconsultation.py-->line:135] - INFO: 用例--获取问诊输入模板-查询成功--执行通过
2020-04-26 20:45:45,560 -- [test_03remoteconsultation.py-->line:162] - INFO: 用例--保存问诊输入模板数据-保存成功--执行通过
2020-04-26 20:45:45,972 -- [test_03remoteconsultation.py-->line:190] - INFO: 用例--获取科室信息-查询成功--执行通过
2020-04-26 20:45:47,821 -- [test_03remoteconsultation.py-->line:249] - INFO: 用例--获取医生列表-查询成功--执行通过
2020-04-26 20:45:49,877 -- [test_03remoteconsultation.py-->line:324] - INFO: 用例--发送预约请求-查询成功--执行通过
2020-04-26 20:47:07,976 -- [test_03remoteconsultation.py-->line:135] - INFO: 用例--获取问诊输入模板-查询成功--执行通过
2020-04-26 20:49:10,137 -- [test_03remoteconsultation.py-->line:135] - INFO: 用例--获取问诊输入模板-查询成功--执行通过
2020-04-26 20:50:51,666 -- [test_03remoteconsultation.py-->line:135] - INFO: 用例--获取问诊输入模板-查询成功--执行通过
2020-04-26 20:52:05,999 -- [test_03remoteconsultation.py-->line:43] - INFO: 用例--会员查询-查询成功--执行通过
2020-04-26 20:52:07,301 -- [test_03remoteconsultation.py-->line:82] - INFO: 用例--获取预约号-获取成功--执行通过
2020-04-26 20:52:08,831 -- [test_03remoteconsultation.py-->line:135] - INFO: 用例--获取问诊输入模板-查询成功--执行通过
2020-04-26 20:52:09,239 -- [test_03remoteconsultation.py-->line:162] - INFO: 用例--保存问诊输入模板数据-保存成功--执行通过
2020-04-26 20:52:09,660 -- [test_03remoteconsultation.py-->line:190] - INFO: 用例--获取科室信息-查询成功--执行通过
2020-04-26 20:52:11,247 -- [test_03remoteconsultation.py-->line:249] - INFO: 用例--获取医生列表-查询成功--执行通过
2020-04-26 20:52:14,041 -- [test_03remoteconsultation.py-->line:324] - INFO: 用例--发送预约请求-查询成功--执行通过
